<?xml version="1.0" encoding="UTF-8"?>
<testng-results ignored="0" total="2" passed="2" failed="0" skipped="0">
  <reporter-output>
  </reporter-output>
  <suite started-at="2023-03-28T15:08:20 BST" name="Default suite" finished-at="2023-03-28T15:08:38 BST" duration-ms="18219">
    <groups>
    </groups>
    <test started-at="2023-03-28T15:08:20 BST" name="Default test" finished-at="2023-03-28T15:08:38 BST" duration-ms="18219">
      <class name="com.orangeHRM.tests.loginPageTests">
        <test-method is-config="true" signature="SetUp()[pri:0, instance:com.orangeHRM.tests.loginPageTests@131774fe]" started-at="2023-03-28T15:08:20 BST" name="SetUp" finished-at="2023-03-28T15:08:29 BST" duration-ms="9203" status="PASS">
          <reporter-output>
          </reporter-output>
        </test-method> <!-- SetUp -->
        <test-method signature="verifyLogin()[pri:0, instance:com.orangeHRM.tests.loginPageTests@131774fe]" started-at="2023-03-28T15:08:29 BST" name="verifyLogin" finished-at="2023-03-28T15:08:31 BST" duration-ms="1667" status="PASS">
          <reporter-output>
          </reporter-output>
        </test-method> <!-- verifyLogin -->
        <test-method is-config="true" signature="tearDown()[pri:0, instance:com.orangeHRM.tests.loginPageTests@131774fe]" started-at="2023-03-28T15:08:31 BST" name="tearDown" finished-at="2023-03-28T15:08:32 BST" duration-ms="1136" status="PASS">
          <reporter-output>
          </reporter-output>
        </test-method> <!-- tearDown -->
        <test-method is-config="true" signature="SetUp()[pri:0, instance:com.orangeHRM.tests.loginPageTests@131774fe]" started-at="2023-03-28T15:08:32 BST" name="SetUp" finished-at="2023-03-28T15:08:37 BST" duration-ms="4959" status="PASS">
          <reporter-output>
          </reporter-output>
        </test-method> <!-- SetUp -->
        <test-method signature="verifyLogo()[pri:0, instance:com.orangeHRM.tests.loginPageTests@131774fe]" started-at="2023-03-28T15:08:37 BST" name="verifyLogo" finished-at="2023-03-28T15:08:38 BST" duration-ms="394" status="PASS">
          <reporter-output>
          </reporter-output>
        </test-method> <!-- verifyLogo -->
        <test-method is-config="true" signature="tearDown()[pri:0, instance:com.orangeHRM.tests.loginPageTests@131774fe]" started-at="2023-03-28T15:08:38 BST" name="tearDown" finished-at="2023-03-28T15:08:38 BST" duration-ms="814" status="PASS">
          <reporter-output>
          </reporter-output>
        </test-method> <!-- tearDown -->
      </class> <!-- com.orangeHRM.tests.loginPageTests -->
    </test> <!-- Default test -->
  </suite> <!-- Default suite -->
</testng-results>
